<!DOCTYPE html>

<html>
    <head>
        <title>Pie Charts</title>

        <link rel="stylesheet" type="text/css" href="../../../../../../../HTML_Design_Files/CSS/design.css" />
        <link rel="stylesheet" type="text/css" href="../../../../../../../HTML_Design_Files/CSS/jquery.jqplot.css" />

        <script type="text/javascript" src="../../../../../../../HTML_Design_Files/JS/jquery.min.js"></script>
        <script type="text/javascript" src="../../../../../../../HTML_Design_Files/JS/jquery.jqplot.min.js"></script>
        <!--[if lt IE 9]>
        <script language="javascript" type="text/javascript" src="../../../../../../../HTML_Design_Files/JS/excanvas.js"></script>
        <![endif]-->

        <script language="javascript" type="text/javascript" src="../../../../../../../HTML_Design_Files/JS/jqplot.pieRenderer.min.js"></script>
        <script language="javascript" type="text/javascript">$(document).ready(function() { $(".exception").hide(); $("#showmenu").show(); $('#showmenu').click(function() { $('.exception').toggle("slide"); }); });        </script>    </head>
    <body>
        <table id="mainTable">
            <tr id="header" >
                <td id="logo"><img src="../../../../../../../HTML_Design_Files/IMG/TrackDfect.jpg" alt="Logo" height="80" width="140" /> <br/></td>
                <td id="headertext">
           Flipkart Reports         
<div style="padding-right:20px;float:right"><img src="../../../../../../../HTML_Design_Files/IMG/flipkart.png" height="70" width="140" /> </i></div>                </td>
            </tr>

            <tr id="container">
                <td id="menu">
                    <ul> 

 <li class="menuStyle"><a href="../../../../../../../index.html" >Index</a></li><li style="padding-top: 4px;"><a href="../../../../../../ConsolidatedPage.html" >Consolidated Page</a></li>


                    </ul>
                </td>


<td id="content">   
                    <div class="info">
       TestCase Name: <b>productDeliver  :  Iteration 1</b><br/>                        Time Taken for Executing: <b>8 Sec</b> <br/>
                        Current Run Number: <b>Run 8</b></br>
                    </div>
<div class="chartStyle summary" style="background-color:#dbae0f;width: 46%; height: 200px;">          
                        <b>Execution Platform Details</b><br/><br/>
                        <table>
                            <tr>
                                <td>O.S</td>
                                <td>&nbsp;&nbsp;:&nbsp;&nbsp;</td>
                                <td>Windows 10, amd64Bit, v10.0</td>
                            </tr>
                            <tr>
                                <td>Java</td>
                                <td>&nbsp;&nbsp;:&nbsp;&nbsp;</td>
                                <td>1.8.0_121</td>
                            </tr>

                            <tr>
                                <td>Hostname</td>
                                <td>&nbsp;&nbsp;:&nbsp;&nbsp;</td>
                                <td>DESKTOP-JPICT55</td>
                            </tr>

   <td>Selenium</td>
                                <td>&nbsp;&nbsp;:&nbsp;&nbsp;</td>
                                <td>3.10.0</td>
                         <tr>
                                                        </table>  
                    </div>
                   
 <div class="chartStyle summary" style="background-color:#03b78a; margin-left: 20px; height: 200px;width: 46%; ">
                        <b>Summary</b><br/><br/>
                        <table>
                            <tr>
                                <td>Status</td>
                                <td>&nbsp;&nbsp;:&nbsp;&nbsp;</td>
                                <td>Failed</td>
                            </tr>
                            <tr>
                                <td>Execution Date</td>
                                <td>&nbsp;&nbsp;:&nbsp;&nbsp;</td>
                                <td>16-Nov-2018 05:59:06</td>
                            </tr>
                            

                            <tr>
                                <td>Browser</td>
                                <td>&nbsp;&nbsp;:&nbsp;&nbsp;</td>
                                <td>Chrome</td>
                            </tr>
 				<td>BrowserVersion</td>
                                <td>&nbsp;&nbsp;:&nbsp;&nbsp;</td>
                                <td>65.0.3325.146 (Official Build) (64-bit)</td>
                            </tr>
                        </table> 
                    </div>
   <div>
                        <table class="chartStyle" id="tableStyle" style="height:50px; float: left">
                            <tr>
                                <th>S.No</th>
                                <th>Step Description</th>
                                <th>Input Value</th>
                    <th>Actual Value</th>
                   <th>Time</th>
                                <th>Line No</th>
                                <th>Status</th>
                                <th>Screen shot</th>
                            </tr>
                           

<tr><td>1</td>
<td>Element Not Found - DeliveryHere org.openqa.selenium.WebDriverException: chrome not reachable
  (Session info: chrome=70.0.3538.102)
  (Driver info: chromedriver=2.36.540470 (e522d04694c7ebea4ba8821272dbef4f9b818c91),platform=Windows NT 10.0.17134 x86_64) (WARNING: The server did not provide any stacktrace information)
Command duration or timeout: 0 milliseconds
Build info: version: '3.10.0', revision: '176b4a9', time: '2018-03-02T19:03:16.397Z'
System info: host: 'DESKTOP-JPICT55', ip: '192.168.1.10', os.name: 'Windows 10', os.arch: 'amd64', os.version: '10.0', java.version: '1.8.0_121'
Driver info: org.openqa.selenium.chrome.ChromeDriver
Capabilities {acceptInsecureCerts: false, acceptSslCerts: false, applicationCacheEnabled: false, browserConnectionEnabled: false, browserName: chrome, chrome: {chromedriverVersion: 2.36.540470 (e522d04694c7eb..., userDataDir: C:\Users\SIVAPA~1\AppData\L...}, cssSelectorsEnabled: true, databaseEnabled: false, handlesAlerts: true, hasTouchScreen: false, javascriptEnabled: true, locationContextEnabled: true, mobileEmulationEnabled: false, nativeEvents: true, networkConnectionEnabled: false, pageLoadStrategy: normal, platform: XP, platformName: XP, rotatable: false, setWindowRect: true, takesHeapSnapshot: true, takesScreenshot: true, unexpectedAlertBehaviour: , unhandledPromptBehavior: , version: 70.0.3538.102, webStorageEnabled: true}
Session ID: 881d2eb441da8670631903a77794f714
*** Element info: {Using=xpath, value=//button[text()='Deliver Here']}</td>
<td></td>
<td></td>
<td>8 Sec</td>
<td>181</td>
<td><img style="height:18px;width:18px;border:none"  alt="FAIL" src="../../../../../../..//HTML_Design_Files/IMG/logfail.png" /></td>
<td></td>
</tr>
                        </table>  
 <div class="chartStyle summary" style="color: black;width: 98%; height: 100%; padding-bottom: 30px;">          

                        <br/><br/><b>Reason for Failure:&nbsp;&nbsp;</b>Assertion Error<br/><br/>
<b id="showmenu">Click Me to Show/Hide the Full Stack Trace</b><div class="exception">
java.lang.AssertionError
	at org.junit.Assert.fail(Assert.java:86)
	at org.junit.Assert.fail(Assert.java:95)
	at commonMethods.Keywords.waitForElement(Keywords.java:182)
	at scripts.Flipkart.productDeliver(Flipkart.java:76)
	at commonMethods.Testcases.productDeliver(Testcases.java:81)
	at sun.reflect.NativeMethodAccessorImpl.invoke0(Native Method)
	at sun.reflect.NativeMethodAccessorImpl.invoke(Unknown Source)
	at sun.reflect.DelegatingMethodAccessorImpl.invoke(Unknown Source)
	at java.lang.reflect.Method.invoke(Unknown Source)
	at org.testng.internal.MethodInvocationHelper.invokeMethod(MethodInvocationHelper.java:86)
	at org.testng.internal.Invoker.invokeMethod(Invoker.java:643)
	at org.testng.internal.Invoker.invokeTestMethod(Invoker.java:820)
	at org.testng.internal.Invoker.invokeTestMethods(Invoker.java:1128)
	at org.testng.internal.TestMethodWorker.invokeTestMethods(TestMethodWorker.java:129)
	at org.testng.internal.TestMethodWorker.run(TestMethodWorker.java:112)
	at org.testng.TestRunner.privateRun(TestRunner.java:782)
	at org.testng.TestRunner.run(TestRunner.java:632)
	at org.testng.SuiteRunner.runTest(SuiteRunner.java:366)
	at org.testng.SuiteRunner.runSequentially(SuiteRunner.java:361)
	at org.testng.SuiteRunner.privateRun(SuiteRunner.java:319)
	at org.testng.SuiteRunner.run(SuiteRunner.java:268)
	at org.testng.SuiteRunnerWorker.runSuite(SuiteRunnerWorker.java:52)
	at org.testng.SuiteRunnerWorker.run(SuiteRunnerWorker.java:86)
	at org.testng.TestNG.runSuitesSequentially(TestNG.java:1244)
	at org.testng.TestNG.runSuitesLocally(TestNG.java:1169)
	at org.testng.TestNG.run(TestNG.java:1064)
	at org.testng.remote.AbstractRemoteTestNG.run(AbstractRemoteTestNG.java:132)
	at org.testng.remote.RemoteTestNG.initAndRun(RemoteTestNG.java:230)
	at org.testng.remote.RemoteTestNG.main(RemoteTestNG.java:76)
</div>                    </div>                    </div>

                </td>
            </tr>            <tr id="footer">
<td colspan="2">
&nbsp;
TrackDfect Reports&nbsp;
 Reports by: <a href="http://www.trackdfect.com/">TrackDfect.com</a>
</td>
</tr>
</table>
</body>
</html>
